2024-02-12 08:58:33 -  - exec CUpdateClientPartner::__CollectRequestData
2024-02-12 08:58:33 -  - exec CUpdateClientPartner::GetHTTPPage
2024-02-12 08:58:33 -  - exec CUpdateClientPartner::ParseServerData
2024-02-12 08:58:33 -  - exec CUpdateClientPartner::GetUpdatesList
2024-02-12 08:58:33 -  - exec CUpdateClientPartner::__CollectRequestData
2024-02-12 08:58:33 -  - utf=Y&lang=ru&stable=Y&CANGZIP=Y&SUPD_DBS=MYSQL&XE=N&CLIENT_SITE=localhost&LICENSE_KEY=X&SUPD_STS=1&SUPD_URS=1&TYPENC=D&CLIENT_PHPVER=8.2.15&NGINX=Y&dbv=8.0.36&instm=main%2C23.300.100%2CY%3Btranslate%2C23.200.0%2CN%3Brest%2C23.100.0%2CN%3Bsearch%2C22.100.0%2CN%3Bui%2C22.1600.0%2CN%3Bb24connector%2C22.0.0%2CN%3Bperfmon%2C21.0.0%2CN%3Bforum%2C23.0.0%2CN%3Bclouds%2C23.0.0%2CN%3Biblock%2C23.100.0%2CN%3Bmessageservice%2C23.0.0%2CN%3Bseo%2C23.200.0%2CN%3Bbitrixcloud%2C22.100.0%2CN%3Bsocialservices%2C22.200.400%2CN%3Bscale%2C21.0.0%2CN%3Bfileman%2C22.300.0%2CN%3Bbitrix.sitepersonal%2C15.5.0%2CN%3Blanding%2C23.600.150%2CN%3Bphotogallery%2C22.0.200%2CN%3Bhighloadblock%2C22.200.0%2CN%3Bbitrix.sitecorporate%2C15.5.0%2CN%3Bblog%2C22.0.0%2CN%3Bform%2C22.0.0%2CN%3Bbitrix.siteinfoportal%2C15.5.0%2CN%3Blocation%2C23.0.0%2CN%3Bmobileapp%2C23.0.0%2CN%3Bsecurity%2C21.300.0%2CN%3Bvote%2C23.0.0%2CN%3Bsubscribe%2C21.0.0%2CN&reqm=bitrix.sitepersonal%2Cbitrix.sitecorporate%2Cbitrix.siteinfoportal&fullmoduleinfo=Y&SUPD_SRS=RU&SUPD_CMP=N
2024-02-12 08:58:33 -  - exec CUpdateClientPartner::GetHTTPPage
2024-02-12 08:58:33 -  - TIME GetUpdatesList(request) 0.182 sec
2024-02-12 08:58:33 -  - exec CUpdateClientPartner::ParseServerData
2024-02-12 08:58:33 -  - exec CUpdateClientPartner::__CollectRequestData
2024-02-12 08:58:33 -  - exec CUpdateClientPartner::GetHTTPPage
2024-02-12 08:58:34 -  - exec CUpdateClientPartner::ParseServerData
2024-02-15 08:32:27 -  - exec CUpdateClientPartner::__CollectRequestData
2024-02-15 08:32:27 -  - exec CUpdateClientPartner::GetHTTPPage
2024-02-15 08:32:28 -  - exec CUpdateClientPartner::ParseServerData
2024-02-15 08:32:28 -  - exec CUpdateClientPartner::GetUpdatesList
2024-02-15 08:32:28 -  - exec CUpdateClientPartner::__CollectRequestData
2024-02-15 08:32:28 -  - utf=Y&lang=ru&stable=Y&CANGZIP=Y&SUPD_DBS=MYSQL&XE=N&CLIENT_SITE=localhost&LICENSE_KEY=X&SUPD_STS=1&SUPD_URS=1&TYPENC=D&CLIENT_PHPVER=8.2.15&NGINX=Y&dbv=8.0.36&instm=main%2C23.300.100%2CY%3Btranslate%2C23.200.0%2CN%3Brest%2C23.100.0%2CN%3Bsearch%2C22.100.0%2CN%3Bui%2C22.1600.0%2CN%3Bb24connector%2C22.0.0%2CN%3Bperfmon%2C21.0.0%2CN%3Bforum%2C23.0.0%2CN%3Bclouds%2C23.0.0%2CN%3Biblock%2C23.100.0%2CN%3Bmessageservice%2C23.0.0%2CN%3Bseo%2C23.200.0%2CN%3Bbitrixcloud%2C22.100.0%2CN%3Bsocialservices%2C22.200.400%2CN%3Bscale%2C21.0.0%2CN%3Bfileman%2C22.300.0%2CN%3Bbitrix.sitepersonal%2C15.5.0%2CN%3Blanding%2C23.600.150%2CN%3Bphotogallery%2C22.0.200%2CN%3Bhighloadblock%2C22.200.0%2CN%3Bbitrix.sitecorporate%2C15.5.0%2CN%3Bblog%2C22.0.0%2CN%3Bform%2C22.0.0%2CN%3Bbitrix.siteinfoportal%2C15.5.0%2CN%3Blocation%2C23.0.0%2CN%3Bmobileapp%2C23.0.0%2CN%3Bsecurity%2C21.300.0%2CN%3Bvote%2C23.0.0%2CN%3Bsubscribe%2C21.0.0%2CN&reqm=bitrix.sitepersonal%2Cbitrix.sitecorporate%2Cbitrix.siteinfoportal&fullmoduleinfo=Y&SUPD_SRS=RU&SUPD_CMP=N
2024-02-15 08:32:28 -  - exec CUpdateClientPartner::GetHTTPPage
2024-02-15 08:32:28 -  - TIME GetUpdatesList(request) 0.138 sec
2024-02-15 08:32:28 -  - exec CUpdateClientPartner::ParseServerData
2024-02-15 08:32:28 -  - exec CUpdateClientPartner::__CollectRequestData
2024-02-15 08:32:28 -  - exec CUpdateClientPartner::GetHTTPPage
2024-02-15 08:32:28 -  - exec CUpdateClientPartner::ParseServerData
2024-02-19 08:12:33 -  - exec CUpdateClientPartner::__CollectRequestData
2024-02-19 08:12:33 -  - exec CUpdateClientPartner::GetHTTPPage
2024-02-19 08:12:33 -  - exec CUpdateClientPartner::ParseServerData
2024-02-19 08:12:33 -  - exec CUpdateClientPartner::GetUpdatesList
2024-02-19 08:12:33 -  - exec CUpdateClientPartner::__CollectRequestData
2024-02-19 08:12:33 -  - utf=Y&lang=ru&stable=Y&CANGZIP=Y&SUPD_DBS=MYSQL&XE=N&CLIENT_SITE=localhost&LICENSE_KEY=X&SUPD_STS=1&SUPD_URS=1&TYPENC=D&CLIENT_PHPVER=8.2.15&NGINX=Y&dbv=8.0.36&instm=main%2C23.300.100%2CY%3Btranslate%2C23.200.0%2CN%3Brest%2C23.100.0%2CN%3Bsearch%2C22.100.0%2CN%3Bui%2C22.1600.0%2CN%3Bb24connector%2C22.0.0%2CN%3Bperfmon%2C21.0.0%2CN%3Bforum%2C23.0.0%2CN%3Bclouds%2C23.0.0%2CN%3Biblock%2C23.100.0%2CN%3Bmessageservice%2C23.0.0%2CN%3Bseo%2C23.200.0%2CN%3Bbitrixcloud%2C22.100.0%2CN%3Bsocialservices%2C22.200.400%2CN%3Bscale%2C21.0.0%2CN%3Bfileman%2C22.300.0%2CN%3Bbitrix.sitepersonal%2C15.5.0%2CN%3Blanding%2C23.600.150%2CN%3Bphotogallery%2C22.0.200%2CN%3Bhighloadblock%2C22.200.0%2CN%3Bbitrix.sitecorporate%2C15.5.0%2CN%3Bblog%2C22.0.0%2CN%3Bform%2C22.0.0%2CN%3Bbitrix.siteinfoportal%2C15.5.0%2CN%3Blocation%2C23.0.0%2CN%3Bmobileapp%2C23.0.0%2CN%3Bsecurity%2C21.300.0%2CN%3Bvote%2C23.0.0%2CN%3Bsubscribe%2C21.0.0%2CN&reqm=bitrix.sitepersonal%2Cbitrix.sitecorporate%2Cbitrix.siteinfoportal&fullmoduleinfo=Y&SUPD_SRS=RU&SUPD_CMP=N
2024-02-19 08:12:33 -  - exec CUpdateClientPartner::GetHTTPPage
2024-02-19 08:12:33 -  - TIME GetUpdatesList(request) 0.133 sec
2024-02-19 08:12:33 -  - exec CUpdateClientPartner::ParseServerData
2024-02-19 08:12:33 -  - exec CUpdateClientPartner::__CollectRequestData
2024-02-19 08:12:33 -  - exec CUpdateClientPartner::GetHTTPPage
2024-02-19 08:12:34 -  - exec CUpdateClientPartner::ParseServerData
